<?xml version="1.0" encoding="UTF-8"?>
<!-- Generated by org.testng.reporters.JUnitReportReporter -->
<testsuite hostname="KTLPT1386" failures="0" tests="13" name="APITestCase.ManageUser" time="6.357" errors="0" timestamp="2024-07-11T12:59:25 IST" skipped="0">
  <testcase classname="APITestCase.ManageUser" name="AddUser" time="0.615"/>
  <system-out/>
  <testcase classname="APITestCase.ManageUser" name="GetUser" time="0.811"/>
  <system-out/>
  <testcase classname="APITestCase.ManageUser" name="GetVendorCompany" time="0.186"/>
  <system-out/>
  <testcase classname="APITestCase.ManageUser" name="UploadUserProfileImage" time="0.384"/>
  <system-out/>
  <testcase classname="APITestCase.ManageUser" name="UsersCount" time="0.654"/>
  <system-out/>
  <testcase classname="APITestCase.ManageUser" name="ResendPassword" time="0.664"/>
  <system-out/>
  <testcase classname="APITestCase.ManageUser" name="UpdateUser" time="0.225"/>
  <system-out/>
  <testcase classname="APITestCase.ManageUser" name="ResetPassword" time="0.755"/>
  <system-out/>
  <testcase classname="APITestCase.ManageUser" name="RoleList" time="0.325"/>
  <system-out/>
  <testcase classname="APITestCase.ManageUser" name="UpdateUserStatus" time="0.153"/>
  <system-out/>
  <testcase classname="APITestCase.ManageUser" name="GetBranches" time="0.567"/>
  <system-out/>
  <testcase classname="APITestCase.ManageUser" name="Login" time="0.285"/>
  <system-out/>
  <testcase classname="APITestCase.ManageUser" name="ExportUser" time="0.733"/>
  <system-out/>
</testsuite> <!-- APITestCase.ManageUser -->
