<?xml version="1.0" encoding="UTF-8"?>
<!-- Generated by org.testng.reporters.JUnitReportReporter -->
<testsuite hostname="KTLPT1386" failures="0" tests="6" name="APITestCase.ManageProfile" time="1.461" errors="0" timestamp="2024-07-11T12:40:36 IST" skipped="0">
  <testcase classname="APITestCase.ManageProfile" name="Login" time="0.169"/>
  <system-out/>
  <testcase classname="APITestCase.ManageProfile" name="RemoveProfileImage" time="0.280"/>
  <system-out/>
  <testcase classname="APITestCase.ManageProfile" name="ChangePassword" time="0.168"/>
  <system-out/>
  <testcase classname="APITestCase.ManageProfile" name="UploadProfileImage" time="0.247"/>
  <system-out/>
  <testcase classname="APITestCase.ManageProfile" name="GetUserProfile" time="0.177"/>
  <system-out/>
  <testcase classname="APITestCase.ManageProfile" name="UpdateUserProfile" time="0.420"/>
  <system-out/>
</testsuite> <!-- APITestCase.ManageProfile -->
