<?xml version="1.0" encoding="UTF-8"?>
<!-- Generated by org.testng.reporters.JUnitReportReporter -->
<testsuite hostname="KTLPT1386" failures="0" tests="1" name="APITestCase.LoginToken" time="2.290" errors="0" timestamp="2024-06-07T11:14:03 IST" skipped="0">
  <testcase classname="APITestCase.LoginToken" name="login" time="2.290"/>
  <system-out/>
</testsuite> <!-- APITestCase.LoginToken -->
