<?xml version="1.0" encoding="UTF-8"?>
<!-- Generated by org.testng.reporters.JUnitReportReporter -->
<testsuite hostname="KTLPT1386" failures="0" tests="7" name="APITestCase.RolesAndPermissions" time="1.282" errors="0" timestamp="2024-07-11T12:40:36 IST" skipped="0">
  <testcase classname="APITestCase.RolesAndPermissions" name="EditRoleName" time="0.184"/>
  <system-out/>
  <testcase classname="APITestCase.RolesAndPermissions" name="Login" time="0.192"/>
  <system-out/>
  <testcase classname="APITestCase.RolesAndPermissions" name="CreateRole" time="0.172"/>
  <system-out/>
  <testcase classname="APITestCase.RolesAndPermissions" name="GetRoles" time="0.218"/>
  <system-out/>
  <testcase classname="APITestCase.RolesAndPermissions" name="EditRole" time="0.206"/>
  <system-out/>
  <testcase classname="APITestCase.RolesAndPermissions" name="GetRoleDetail" time="0.177"/>
  <system-out/>
  <testcase classname="APITestCase.RolesAndPermissions" name="DeleteRole" time="0.133"/>
  <system-out/>
</testsuite> <!-- APITestCase.RolesAndPermissions -->
