<?xml version="1.0" encoding="UTF-8"?>
<!-- Generated by org.testng.reporters.JUnitReportReporter -->
<testsuite hostname="KTLPT1386" failures="0" tests="23" name="APITestCase.ManageLead" time="7.312" errors="0" timestamp="2024-07-11T12:59:25 IST" skipped="0">
  <testcase classname="APITestCase.ManageLead" name="MarkLeadAsStar" time="0.156"/>
  <system-out/>
  <testcase classname="APITestCase.ManageLead" name="GetStates" time="0.166"/>
  <system-out/>
  <testcase classname="APITestCase.ManageLead" name="GetRequirement" time="0.138"/>
  <system-out/>
  <testcase classname="APITestCase.ManageLead" name="GetTaskByLeadId" time="0.142"/>
  <system-out/>
  <testcase classname="APITestCase.ManageLead" name="AddLead" time="0.237"/>
  <system-out/>
  <testcase classname="APITestCase.ManageLead" name="GetLeadTask" time="0.199"/>
  <system-out/>
  <testcase classname="APITestCase.ManageLead" name="DeleteAttachment" time="0.138"/>
  <system-out/>
  <testcase classname="APITestCase.ManageLead" name="GetLeads" time="1.870"/>
  <system-out/>
  <testcase classname="APITestCase.ManageLead" name="GetLeadActivity" time="0.102"/>
  <system-out/>
  <testcase classname="APITestCase.ManageLead" name="GetLeadHistory" time="0.138"/>
  <system-out/>
  <testcase classname="APITestCase.ManageLead" name="MarkTaskAsCompleted" time="0.163"/>
  <system-out/>
  <testcase classname="APITestCase.ManageLead" name="RescheduleTask" time="0.228"/>
  <system-out/>
  <testcase classname="APITestCase.ManageLead" name="UploadLeadAttachment" time="0.377"/>
  <system-out/>
  <testcase classname="APITestCase.ManageLead" name="UpdateLeadStage" time="0.193"/>
  <system-out/>
  <testcase classname="APITestCase.ManageLead" name="CheckLeadNumbers" time="0.155"/>
  <system-out/>
  <testcase classname="APITestCase.ManageLead" name="UpdateLead" time="0.220"/>
  <system-out/>
  <testcase classname="APITestCase.ManageLead" name="Login" time="0.175"/>
  <system-out/>
  <testcase classname="APITestCase.ManageLead" name="AddTaskForLead" time="0.186"/>
  <system-out/>
  <testcase classname="APITestCase.ManageLead" name="GetLeadStage" time="0.170"/>
  <system-out/>
  <testcase classname="APITestCase.ManageLead" name="GetLeadDetails" time="0.135"/>
  <system-out/>
  <testcase classname="APITestCase.ManageLead" name="GetCity" time="0.128"/>
  <system-out/>
  <testcase classname="APITestCase.ManageLead" name="ExportLeads" time="1.681"/>
  <system-out/>
  <testcase classname="APITestCase.ManageLead" name="AddLeadActivity" time="0.215"/>
  <system-out/>
</testsuite> <!-- APITestCase.ManageLead -->
