<?xml version="1.0" encoding="UTF-8"?>
<!-- Generated by org.testng.reporters.JUnitReportReporter -->
<testsuite hostname="KTLPT1386" failures="0" tests="7" name="APITestCase.Login" time="6.777" errors="0" timestamp="2024-07-11T12:59:25 IST" skipped="0">
  <testcase classname="APITestCase.Login" name="CheckResetPassword" time="0.249"/>
  <system-out/>
  <testcase classname="APITestCase.Login" name="Login" time="5.107"/>
  <system-out/>
  <testcase classname="APITestCase.Login" name="Logout" time="0.195"/>
  <system-out/>
  <testcase classname="APITestCase.Login" name="LoginWithOtp" time="0.494"/>
  <system-out/>
  <testcase classname="APITestCase.Login" name="OtpVerification" time="0.256"/>
  <system-out/>
  <testcase classname="APITestCase.Login" name="ResetPassword" time="0.250"/>
  <system-out/>
  <testcase classname="APITestCase.Login" name="UserProfile" time="0.226"/>
  <system-out/>
</testsuite> <!-- APITestCase.Login -->
