<?xml version="1.0" encoding="UTF-8"?>
<!-- Generated by org.testng.reporters.JUnitReportReporter -->
<testsuite hostname="KTLPT1386" failures="0" tests="14" name="APITestCase.ManageQuotation" time="7.056" errors="0" timestamp="2024-07-11T12:40:36 IST" skipped="0">
  <testcase classname="APITestCase.ManageQuotation" name="UpdateQuotation" time="0.245"/>
  <system-out/>
  <testcase classname="APITestCase.ManageQuotation" name="AddQuotation" time="0.273"/>
  <system-out/>
  <testcase classname="APITestCase.ManageQuotation" name="DeleteQuotation" time="0.484"/>
  <system-out/>
  <testcase classname="APITestCase.ManageQuotation" name="DownloadQuotation" time="3.083"/>
  <system-out/>
  <testcase classname="APITestCase.ManageQuotation" name="Login" time="0.172"/>
  <system-out/>
  <testcase classname="APITestCase.ManageQuotation" name="AddShippingAddress" time="0.212"/>
  <system-out/>
  <testcase classname="APITestCase.ManageQuotation" name="ExportQuotation" time="0.296"/>
  <system-out/>
  <testcase classname="APITestCase.ManageQuotation" name="AddLead" time="0.198"/>
  <system-out/>
  <testcase classname="APITestCase.ManageQuotation" name="UpdateShippingAddress" time="0.263"/>
  <system-out/>
  <testcase classname="APITestCase.ManageQuotation" name="AddBillingAddress" time="0.156"/>
  <system-out/>
  <testcase classname="APITestCase.ManageQuotation" name="ConvertToOrder" time="0.713"/>
  <system-out/>
  <testcase classname="APITestCase.ManageQuotation" name="GetQuotation" time="0.520"/>
  <system-out/>
  <testcase classname="APITestCase.ManageQuotation" name="UpdateBillingAddress" time="0.210"/>
  <system-out/>
  <testcase classname="APITestCase.ManageQuotation" name="QuotationDetail" time="0.231"/>
  <system-out/>
</testsuite> <!-- APITestCase.ManageQuotation -->
