<?xml version="1.0" encoding="UTF-8"?>
<!-- Generated by org.testng.reporters.JUnitReportReporter -->
<testsuite hostname="KTLPT1386" failures="0" tests="4" name="APITestCase.ManageInquiry" time="3.250" errors="0" timestamp="2024-06-13T16:58:07 IST" skipped="0">
  <testcase classname="APITestCase.ManageInquiry" name="UpdateInquiryStatus" time="0.250"/>
  <system-out/>
  <testcase classname="APITestCase.ManageInquiry" name="ExportInquiry" time="0.395"/>
  <system-out/>
  <testcase classname="APITestCase.ManageInquiry" name="GetVendorInquiry" time="0.296"/>
  <system-out/>
  <testcase classname="APITestCase.ManageInquiry" name="Login" time="2.309"/>
  <system-out/>
</testsuite> <!-- APITestCase.ManageInquiry -->
