<?xml version="1.0" encoding="UTF-8"?>
<!-- Generated by org.testng.reporters.JUnitReportReporter -->
<testsuite hostname="KTLPT1386" failures="0" tests="16" name="APITestCase.ManageInventory" time="5.338" errors="0" timestamp="2024-07-11T12:40:36 IST" skipped="0">
  <testcase classname="APITestCase.ManageInventory" name="Login" time="0.158"/>
  <system-out/>
  <testcase classname="APITestCase.ManageInventory" name="BulkEdit" time="0.264"/>
  <system-out/>
  <testcase classname="APITestCase.ManageInventory" name="UpdateProduct" time="1.269"/>
  <system-out/>
  <testcase classname="APITestCase.ManageInventory" name="DeleteProduct" time="0.453"/>
  <system-out/>
  <testcase classname="APITestCase.ManageInventory" name="AddProductImage" time="0.481"/>
  <system-out/>
  <testcase classname="APITestCase.ManageInventory" name="GetInventoryFilterCount" time="0.178"/>
  <system-out/>
  <testcase classname="APITestCase.ManageInventory" name="GetInventoryFilterValues" time="0.240"/>
  <system-out/>
  <testcase classname="APITestCase.ManageInventory" name="AddInventory" time="0.268"/>
  <system-out/>
  <testcase classname="APITestCase.ManageInventory" name="BulkPrintLabel" time="0.290"/>
  <system-out/>
  <testcase classname="APITestCase.ManageInventory" name="AddProductDropdownValues" time="0.185"/>
  <system-out/>
  <testcase classname="APITestCase.ManageInventory" name="GetInventory" time="0.325"/>
  <system-out/>
  <testcase classname="APITestCase.ManageInventory" name="Export" time="0.348"/>
  <system-out/>
  <testcase classname="APITestCase.ManageInventory" name="UpdateProductStatus" time="0.193"/>
  <system-out/>
  <testcase classname="APITestCase.ManageInventory" name="DownloadImportExcel" time="0.176"/>
  <system-out/>
  <testcase classname="APITestCase.ManageInventory" name="BulkDelete" time="0.234"/>
  <system-out/>
  <testcase classname="APITestCase.ManageInventory" name="ImportProduct" time="0.276"/>
  <system-out/>
</testsuite> <!-- APITestCase.ManageInventory -->
