<?xml version="1.0" encoding="UTF-8"?>
<!-- Generated by org.testng.reporters.JUnitReportReporter -->
<testsuite hostname="KTLPT1386" failures="0" tests="4" name="APITestCase.First" time="3.033" errors="0" timestamp="2024-05-02T16:41:43 IST" skipped="0">
  <testcase classname="APITestCase.First" name="login" time="2.249"/>
  <system-out/>
  <testcase classname="APITestCase.First" name="logout" time="0.132"/>
  <system-out/>
  <testcase classname="APITestCase.First" name="loginOtp" time="0.439"/>
  <system-out/>
  <testcase classname="APITestCase.First" name="otpVerification" time="0.213"/>
  <system-out/>
</testsuite> <!-- APITestCase.First -->
