<?xml version="1.0" encoding="UTF-8"?>
<!-- Generated by org.testng.reporters.JUnitReportReporter -->
<testsuite hostname="KTLPT1386" failures="0" tests="7" name="com.tests.Login" time="6.138" errors="0" timestamp="2024-07-11T12:38:46 IST" skipped="0">
  <testcase classname="com.tests.Login" name="Login" time="4.528"/>
  <system-out/>
  <testcase classname="com.tests.Login" name="Logout" time="0.197"/>
  <system-out/>
  <testcase classname="com.tests.Login" name="CheckResetPassword" time="0.231"/>
  <system-out/>
  <testcase classname="com.tests.Login" name="LoginWithOtp" time="0.558"/>
  <system-out/>
  <testcase classname="com.tests.Login" name="OtpVerification" time="0.226"/>
  <system-out/>
  <testcase classname="com.tests.Login" name="ResetPassword" time="0.187"/>
  <system-out/>
  <testcase classname="com.tests.Login" name="UserProfile" time="0.211"/>
  <system-out/>
</testsuite> <!-- com.tests.Login -->
