<?xml version="1.0" encoding="UTF-8"?>
<!-- Generated by org.testng.reporters.JUnitReportReporter -->
<testsuite hostname="KTLPT1386" failures="0" tests="6" name="APITestCase.ManageProfile" time="0.967" errors="0" timestamp="2024-06-17T10:44:57 IST" skipped="0">
  <testcase classname="APITestCase.ManageProfile" name="UpdateUserProfile" time="0.158"/>
  <system-out/>
  <testcase classname="APITestCase.ManageProfile" name="ChangePassword" time="0.172"/>
  <system-out/>
  <testcase classname="APITestCase.ManageProfile" name="UploadProfileImage" time="0.208"/>
  <system-out/>
  <testcase classname="APITestCase.ManageProfile" name="GetUserProfile" time="0.122"/>
  <system-out/>
  <testcase classname="APITestCase.ManageProfile" name="RemoveProfileImage" time="0.145"/>
  <system-out/>
  <testcase classname="APITestCase.ManageProfile" name="Login" time="0.162"/>
  <system-out/>
</testsuite> <!-- APITestCase.ManageProfile -->
