<?xml version="1.0" encoding="UTF-8"?>
<!-- Generated by org.testng.reporters.JUnitReportReporter -->
<testsuite hostname="KTLPT1386" failures="0" tests="13" name="APITestCase.ManageUser" time="5.539" errors="0" timestamp="2024-07-11T13:07:27 IST" skipped="0">
  <testcase classname="APITestCase.ManageUser" name="Login" time="0.265"/>
  <system-out/>
  <testcase classname="APITestCase.ManageUser" name="UsersCount" time="0.870"/>
  <system-out/>
  <testcase classname="APITestCase.ManageUser" name="UploadUserProfileImage" time="0.400"/>
  <system-out/>
  <testcase classname="APITestCase.ManageUser" name="ResendPassword" time="0.515"/>
  <system-out/>
  <testcase classname="APITestCase.ManageUser" name="RoleList" time="0.343"/>
  <system-out/>
  <testcase classname="APITestCase.ManageUser" name="AddUser" time="0.423"/>
  <system-out/>
  <testcase classname="APITestCase.ManageUser" name="UpdateUser" time="0.257"/>
  <system-out/>
  <testcase classname="APITestCase.ManageUser" name="ExportUser" time="0.653"/>
  <system-out/>
  <testcase classname="APITestCase.ManageUser" name="GetBranches" time="0.299"/>
  <system-out/>
  <testcase classname="APITestCase.ManageUser" name="UpdateUserStatus" time="0.232"/>
  <system-out/>
  <testcase classname="APITestCase.ManageUser" name="GetUser" time="0.844"/>
  <system-out/>
  <testcase classname="APITestCase.ManageUser" name="ResetPassword" time="0.244"/>
  <system-out/>
  <testcase classname="APITestCase.ManageUser" name="GetVendorCompany" time="0.194"/>
  <system-out/>
</testsuite> <!-- APITestCase.ManageUser -->
