<?xml version="1.0" encoding="UTF-8"?>
<!-- Generated by org.testng.reporters.JUnitReportReporter -->
<testsuite hostname="KTLPT1386" failures="0" tests="7" name="APITestCase.RolesAndPermissions" time="1.093" errors="0" timestamp="2024-06-17T10:44:57 IST" skipped="0">
  <testcase classname="APITestCase.RolesAndPermissions" name="Login" time="0.148"/>
  <system-out/>
  <testcase classname="APITestCase.RolesAndPermissions" name="EditRole" time="0.180"/>
  <system-out/>
  <testcase classname="APITestCase.RolesAndPermissions" name="DeleteRole" time="0.159"/>
  <system-out/>
  <testcase classname="APITestCase.RolesAndPermissions" name="GetRoles" time="0.128"/>
  <system-out/>
  <testcase classname="APITestCase.RolesAndPermissions" name="GetRoleDetail" time="0.142"/>
  <system-out/>
  <testcase classname="APITestCase.RolesAndPermissions" name="EditRoleName" time="0.161"/>
  <system-out/>
  <testcase classname="APITestCase.RolesAndPermissions" name="CreateRole" time="0.175"/>
  <system-out/>
</testsuite> <!-- APITestCase.RolesAndPermissions -->
