<?xml version="1.0" encoding="UTF-8"?>
<!-- Generated by org.testng.reporters.JUnitReportReporter -->
<testsuite hostname="KTLPT1386" failures="0" tests="16" name="APITestCase.ManageInventory" time="3.465" errors="0" timestamp="2024-06-17T10:44:57 IST" skipped="0">
  <testcase classname="APITestCase.ManageInventory" name="UpdateProduct" time="0.190"/>
  <system-out/>
  <testcase classname="APITestCase.ManageInventory" name="GetInventoryFilterCount" time="0.147"/>
  <system-out/>
  <testcase classname="APITestCase.ManageInventory" name="ImportProduct" time="0.206"/>
  <system-out/>
  <testcase classname="APITestCase.ManageInventory" name="DeleteProduct" time="0.155"/>
  <system-out/>
  <testcase classname="APITestCase.ManageInventory" name="AddProductImage" time="0.457"/>
  <system-out/>
  <testcase classname="APITestCase.ManageInventory" name="UpdateProductStatus" time="0.166"/>
  <system-out/>
  <testcase classname="APITestCase.ManageInventory" name="BulkDelete" time="0.181"/>
  <system-out/>
  <testcase classname="APITestCase.ManageInventory" name="GetInventory" time="0.169"/>
  <system-out/>
  <testcase classname="APITestCase.ManageInventory" name="AddProductDropdownValues" time="0.148"/>
  <system-out/>
  <testcase classname="APITestCase.ManageInventory" name="AddInventory" time="0.208"/>
  <system-out/>
  <testcase classname="APITestCase.ManageInventory" name="BulkPrintLabel" time="0.583"/>
  <system-out/>
  <testcase classname="APITestCase.ManageInventory" name="Export" time="0.244"/>
  <system-out/>
  <testcase classname="APITestCase.ManageInventory" name="GetInventoryFilterValues" time="0.155"/>
  <system-out/>
  <testcase classname="APITestCase.ManageInventory" name="DownloadImportExcel" time="0.122"/>
  <system-out/>
  <testcase classname="APITestCase.ManageInventory" name="Login" time="0.144"/>
  <system-out/>
  <testcase classname="APITestCase.ManageInventory" name="BulkEdit" time="0.190"/>
  <system-out/>
</testsuite> <!-- APITestCase.ManageInventory -->
