<?xml version="1.0" encoding="UTF-8"?>
<!-- Generated by org.testng.reporters.JUnitReportReporter -->
<testsuite hostname="KTLPT1386" failures="0" tests="23" name="APITestCase.ManageLead" time="10.566" errors="0" timestamp="2024-07-11T13:07:27 IST" skipped="0">
  <testcase classname="APITestCase.ManageLead" name="GetLeadActivity" time="1.150"/>
  <system-out/>
  <testcase classname="APITestCase.ManageLead" name="GetLeadTask" time="0.201"/>
  <system-out/>
  <testcase classname="APITestCase.ManageLead" name="MarkLeadAsStar" time="0.157"/>
  <system-out/>
  <testcase classname="APITestCase.ManageLead" name="AddLead" time="0.293"/>
  <system-out/>
  <testcase classname="APITestCase.ManageLead" name="CheckLeadNumbers" time="0.177"/>
  <system-out/>
  <testcase classname="APITestCase.ManageLead" name="GetCity" time="0.159"/>
  <system-out/>
  <testcase classname="APITestCase.ManageLead" name="GetTaskByLeadId" time="0.171"/>
  <system-out/>
  <testcase classname="APITestCase.ManageLead" name="RescheduleTask" time="0.196"/>
  <system-out/>
  <testcase classname="APITestCase.ManageLead" name="GetLeadHistory" time="0.142"/>
  <system-out/>
  <testcase classname="APITestCase.ManageLead" name="GetStates" time="0.121"/>
  <system-out/>
  <testcase classname="APITestCase.ManageLead" name="DeleteAttachment" time="0.159"/>
  <system-out/>
  <testcase classname="APITestCase.ManageLead" name="UpdateLead" time="0.254"/>
  <system-out/>
  <testcase classname="APITestCase.ManageLead" name="GetLeads" time="1.722"/>
  <system-out/>
  <testcase classname="APITestCase.ManageLead" name="GetRequirement" time="0.114"/>
  <system-out/>
  <testcase classname="APITestCase.ManageLead" name="UploadLeadAttachment" time="0.399"/>
  <system-out/>
  <testcase classname="APITestCase.ManageLead" name="AddLeadActivity" time="0.213"/>
  <system-out/>
  <testcase classname="APITestCase.ManageLead" name="Login" time="0.176"/>
  <system-out/>
  <testcase classname="APITestCase.ManageLead" name="GetLeadDetails" time="0.154"/>
  <system-out/>
  <testcase classname="APITestCase.ManageLead" name="AddTaskForLead" time="0.414"/>
  <system-out/>
  <testcase classname="APITestCase.ManageLead" name="MarkTaskAsCompleted" time="1.236"/>
  <system-out/>
  <testcase classname="APITestCase.ManageLead" name="ExportLeads" time="1.623"/>
  <system-out/>
  <testcase classname="APITestCase.ManageLead" name="GetLeadStage" time="0.133"/>
  <system-out/>
  <testcase classname="APITestCase.ManageLead" name="UpdateLeadStage" time="1.202"/>
  <system-out/>
</testsuite> <!-- APITestCase.ManageLead -->
