<?xml version="1.0" encoding="UTF-8"?>
<!-- Generated by org.testng.reporters.JUnitReportReporter -->
<testsuite hostname="KTLPT1386" failures="0" tests="7" name="APITestCase.Login" time="5.613" errors="0" timestamp="2024-07-11T13:07:27 IST" skipped="0">
  <testcase classname="APITestCase.Login" name="Login" time="3.944"/>
  <system-out/>
  <testcase classname="APITestCase.Login" name="CheckResetPassword" time="0.197"/>
  <system-out/>
  <testcase classname="APITestCase.Login" name="Logout" time="0.189"/>
  <system-out/>
  <testcase classname="APITestCase.Login" name="LoginWithOtp" time="0.522"/>
  <system-out/>
  <testcase classname="APITestCase.Login" name="OtpVerification" time="0.318"/>
  <system-out/>
  <testcase classname="APITestCase.Login" name="ResetPassword" time="0.198"/>
  <system-out/>
  <testcase classname="APITestCase.Login" name="UserProfile" time="0.245"/>
  <system-out/>
</testsuite> <!-- APITestCase.Login -->
